<?xml version="1.0" encoding="UTF-8"?>
<!-- Generated by org.testng.reporters.JUnitReportReporter -->
<testsuite hostname="med000008316" failures="0" tests="9" name="died_procesos_generales.pgForgotPassTest.PassEmailTest" time="40.730" errors="0" timestamp="18 feb. 2019 22:29:01 GMT+00:00" skipped="0">
  <testcase classname="died_procesos_generales.pgForgotPassTest.PassEmailTest" name="EmailPassCaseTest01" time="27.851"/>
  <testcase classname="died_procesos_generales.pgForgotPassTest.PassEmailTest" name="EmailPassCaseTest02" time="1.363"/>
  <testcase classname="died_procesos_generales.pgForgotPassTest.PassEmailTest" name="EmailPassCaseTest03" time="1.318"/>
  <testcase classname="died_procesos_generales.pgForgotPassTest.PassEmailTest" name="EmailPassCaseTest04" time="1.295"/>
  <testcase classname="died_procesos_generales.pgForgotPassTest.PassEmailTest" name="EmailPassCaseTest05" time="1.322"/>
  <testcase classname="died_procesos_generales.pgForgotPassTest.PassEmailTest" name="EmailPassCaseTest06" time="1.290"/>
  <testcase classname="died_procesos_generales.pgForgotPassTest.PassEmailTest" name="EmailPassCaseTest07" time="1.289"/>
  <testcase classname="died_procesos_generales.pgForgotPassTest.PassEmailTest" name="EmailPassCaseTest08" time="1.315"/>
  <testcase classname="died_procesos_generales.pgForgotPassTest.PassEmailTest" name="EmailPassCaseTest09" time="3.687"/>
</testsuite> <!-- died_procesos_generales.pgForgotPassTest.PassEmailTest -->
