<?xml version="1.0" encoding="UTF-8"?>
<!-- Generated by org.testng.reporters.JUnitReportReporter -->
<testsuite hostname="ALQ000002139" failures="0" tests="6" name="died_proceso_nombramiento.nomInscripcion.object_test.NomLoginTest" time="37.473" errors="0" timestamp="07 feb. 2019 16:21:01 GMT+00:00" skipped="0">
  <testcase classname="died_proceso_nombramiento.nomInscripcion.object_test.NomLoginTest" name="logInToTheSessionCaseTest01" time="4.621"/>
  <testcase classname="died_proceso_nombramiento.nomInscripcion.object_test.NomLoginTest" name="logInToTheSessionCaseTest02" time="3.278"/>
  <testcase classname="died_proceso_nombramiento.nomInscripcion.object_test.NomLoginTest" name="logInToTheSessionCaseTest03" time="4.227"/>
  <testcase classname="died_proceso_nombramiento.nomInscripcion.object_test.NomLoginTest" name="logInToTheSessionCaseTest04" time="5.942"/>
  <testcase classname="died_proceso_nombramiento.nomInscripcion.object_test.NomLoginTest" name="logInToTheSessionCaseTest05" time="7.496"/>
  <testcase classname="died_proceso_nombramiento.nomInscripcion.object_test.NomLoginTest" name="logInToTheSessionCaseTest06" time="11.909"/>
</testsuite> <!-- died_proceso_nombramiento.nomInscripcion.object_test.NomLoginTest -->
