<?xml version="1.0" encoding="UTF-8"?>
<!-- Generated by org.testng.reporters.JUnitReportReporter -->
<testsuite hostname="med000008316" failures="0" tests="8" name="died_procesos_generales.pgLoginTest.LoginTest" time="47.183" errors="0" timestamp="20 feb. 2019 20:20:54 GMT+00:00" skipped="0">
  <testcase classname="died_procesos_generales.pgLoginTest.LoginTest" name="logInToTheSessionCaseTest01" time="7.954"/>
  <testcase classname="died_procesos_generales.pgLoginTest.LoginTest" name="logInToTheSessionCaseTest02" time="6.763"/>
  <testcase classname="died_procesos_generales.pgLoginTest.LoginTest" name="logInToTheSessionCaseTest03" time="6.806"/>
  <testcase classname="died_procesos_generales.pgLoginTest.LoginTest" name="logInToTheSessionCaseTest04" time="3.734"/>
  <testcase classname="died_procesos_generales.pgLoginTest.LoginTest" name="logInToTheSessionCaseTest05" time="3.276"/>
  <testcase classname="died_procesos_generales.pgLoginTest.LoginTest" name="logInToTheSessionCaseTest06" time="6.069"/>
  <testcase classname="died_procesos_generales.pgLoginTest.LoginTest" name="logInToTheSessionCaseTest07" time="5.705"/>
  <testcase classname="died_procesos_generales.pgLoginTest.LoginTest" name="logInToTheSessionCaseTest08" time="6.876"/>
</testsuite> <!-- died_procesos_generales.pgLoginTest.LoginTest -->
